3701702 16:56:52.408917 --- Starting bitbake server pid 3701702 at 2025-09-25 16:56:52.408899 ---
3701702 16:56:52.409532 Started bitbake server pid 3701702
3701702 16:56:52.409669 Entering server connection loop
3701702 16:56:52.409687 Lockfile is: /home2/yang.xu/tool/yocto-forall/bitbake.lock
Socket is /home2/yang.xu/tool/yocto-forall/bitbake.sock (True)
3701702 16:56:52.409969 Accepting [<socket.socket fd=6, family=AddressFamily.AF_UNIX, type=SocketKind.SOCK_STREAM, proto=0, laddr=bitbake.sock>] ([])
3701702 16:56:52.410307 Processing Client
3701702 16:56:52.410328 Connecting Client
3701702 16:56:52.410606 Running command ['setFeatures', [2, 1]]
3701702 16:56:52.410647 Sending reply (None, None)
3701702 16:56:52.410695 Command Completed (socket: True)
3701702 16:56:52.411041 Running command ['updateConfig', {'halt': True, 'force': False, 'invalidate_stamp': None, 'dry_run': False, 'dump_signatures': [], 'extra_assume_provided': [], 'profile': False, 'prefile': [], 'postfile': [], 'server_timeout': None, 'nosetscene': False, 'setsceneonly': False, 'skipsetscene': False, 'runall': [], 'runonly': None, 'writeeventlog': None, 'build_verbose_shell': False, 'build_verbose_stdout': False, 'default_loglevel': 20, 'debug_domains': {}}, {'SHELL': '/bin/bash', 'no_proxy': '*.zillnk.com,127.0.0.1,172.16.*.*,10.*.*.*,216.105.38.16', 'BB_ENV_PASSTHROUGH_ADDITIONS': 'ALL_PROXY BBPATH_EXTRA BB_LOGCONFIG BB_NO_NETWORK BB_NUMBER_THREADS BB_SETSCENE_ENFORCE BB_SRCREV_POLICY DISTRO FTPS_PROXY FTP_PROXY GIT_PROXY_COMMAND HTTPS_PROXY HTTP_PROXY MACHINE NO_PROXY PARALLEL_MAKE SCREENDIR SDKMACHINE SOCKS5_PASSWD SOCKS5_USER SSH_AGENT_PID SSH_AUTH_SOCK STAMPS_DIR TCLIBC TCMODE all_proxy ftp_proxy ftps_proxy http_proxy https_proxy no_proxy ', 'PWD': '/home2/yang.xu/tool/yocto-forall', 'LOGNAME': 'yang.xu', 'HOME': '/home2/yang.xu', 'https_proxy': 'http://172.16.166.126:7890', 'BBPATH': '/home2/yang.xu/tool/yocto-forall/build', 'USER': 'yang.xu', 'http_proxy': 'http://172.16.166.126:7890', 'PATH': '/home2/yang.xu/tool/yocto-forall/components/layers/core/poky/scripts:/home2/yang.xu/tool/yocto-forall/components/layers/core/poky/bitbake/bin:/home2/yang.xu/tool/env/bin/bin:/home2/yang.xu/tool/env/cmake-3.30.4-linux-x86_64/bin:/usr/local/sbin:/usr/local/bin:/usr/sbin:/usr/bin:/sbin:/bin:/usr/games:/usr/local/games:/snap/bin:/home2/yang.xu/.local/bin:/home2/yang.xu/bin', 'LC_ALL': 'en_US.UTF-8', 'OE_ADDED_PATHS': '/home2/yang.xu/tool/yocto-forall/components/layers/core/poky/scripts:/home2/yang.xu/tool/yocto-forall/components/layers/core/poky/bitbake/bin:', 'XDG_SESSION_TYPE': 'tty', 'MOTD_SHOWN': 'pam', 'LANG': 'en_US.UTF-8', 'LS_COLORS': 'rs=0:di=01;34:ln=01;36:mh=00:pi=40;33:so=01;35:do=01;35:bd=40;33;01:cd=40;33;01:or=40;31;01:mi=00:su=37;41:sg=30;43:ca=30;41:tw=30;42:ow=34;42:st=37;44:ex=01;32:*.tar=01;31:*.tgz=01;31:*.arc=01;31:*.arj=01;31:*.taz=01;31:*.lha=01;31:*.lz4=01;31:*.lzh=01;31:*.lzma=01;31:*.tlz=01;31:*.txz=01;31:*.tzo=01;31:*.t7z=01;31:*.zip=01;31:*.z=01;31:*.dz=01;31:*.gz=01;31:*.lrz=01;31:*.lz=01;31:*.lzo=01;31:*.xz=01;31:*.zst=01;31:*.tzst=01;31:*.bz2=01;31:*.bz=01;31:*.tbz=01;31:*.tbz2=01;31:*.tz=01;31:*.deb=01;31:*.rpm=01;31:*.jar=01;31:*.war=01;31:*.ear=01;31:*.sar=01;31:*.rar=01;31:*.alz=01;31:*.ace=01;31:*.zoo=01;31:*.cpio=01;31:*.7z=01;31:*.rz=01;31:*.cab=01;31:*.wim=01;31:*.swm=01;31:*.dwm=01;31:*.esd=01;31:*.jpg=01;35:*.jpeg=01;35:*.mjpg=01;35:*.mjpeg=01;35:*.gif=01;35:*.bmp=01;35:*.pbm=01;35:*.pgm=01;35:*.ppm=01;35:*.tga=01;35:*.xbm=01;35:*.xpm=01;35:*.tif=01;35:*.tiff=01;35:*.png=01;35:*.svg=01;35:*.svgz=01;35:*.mng=01;35:*.pcx=01;35:*.mov=01;35:*.mpg=01;35:*.mpeg=01;35:*.m2v=01;35:*.mkv=01;35:*.webm=01;35:*.ogm=01;35:*.mp4=01;35:*.m4v=01;35:*.mp4v=01;35:*.vob=01;35:*.qt=01;35:*.nuv=01;35:*.wmv=01;35:*.asf=01;35:*.rm=01;35:*.rmvb=01;35:*.flc=01;35:*.avi=01;35:*.fli=01;35:*.flv=01;35:*.gl=01;35:*.dl=01;35:*.xcf=01;35:*.xwd=01;35:*.yuv=01;35:*.cgm=01;35:*.emf=01;35:*.ogv=01;35:*.ogx=01;35:*.aac=00;36:*.au=00;36:*.flac=00;36:*.m4a=00;36:*.mid=00;36:*.midi=00;36:*.mka=00;36:*.mp3=00;36:*.mpc=00;36:*.ogg=00;36:*.ra=00;36:*.wav=00;36:*.oga=00;36:*.opus=00;36:*.spx=00;36:*.xspf=00;36:', 'SSH_CONNECTION': '172.16.2.145 59436 172.16.1.30 22', 'LESSCLOSE': '/usr/bin/lesspipe %s %s', 'XDG_SESSION_CLASS': 'user', 'PYTHONPATH': '/home2/yang.xu/tool/yocto-forall/components/layers/core/poky/bitbake/lib:/home2/yang.xu/tool/yocto-forall/components/layers/core/poky/bitbake/lib:/home2/yang.xu/tool/yocto-forall/components/layers/core/poky/bitbake/lib:/home2/yang.xu/tool/yocto-forall/components/layers/core/poky/bitbake/lib:/home2/yang.xu/tool/yocto-forall/components/layers/core/poky/bitbake/lib:/home2/yang.xu/tool/yocto-forall/components/layers/core/poky/bitbake/lib:/home2/yang.xu/tool/yocto-forall/components/layers/core/poky/bitbake/lib:', 'TERM': 'xterm-256color', 'LESSOPEN': '| /usr/bin/lesspipe %s', 'SHLVL': '1', 'XDG_SESSION_ID': '33106', 'XDG_RUNTIME_DIR': '/run/user/1005', 'SSH_CLIENT': '172.16.2.145 59436 22', 'XDG_DATA_DIRS': '/usr/local/share:/usr/share:/var/lib/snapd/desktop', 'DBUS_SESSION_BUS_ADDRESS': 'unix:path=/run/user/1005/bus', 'BUILDDIR': '/home2/yang.xu/tool/yocto-forall/build', 'SSH_TTY': '/dev/pts/19', 'OLDPWD': '/home2/yang.xu/tool/yocto-forall/build', '_': '/home2/yang.xu/tool/yocto-forall/components/layers/core/poky/bitbake/bin/bitbake'}, ['/home2/yang.xu/tool/yocto-forall/components/layers/core/poky/bitbake/bin/bitbake', 'core-image-minimal']]
3701702 16:56:52.413662 Sending reply (None, 'bb.BBHandledException()\nTraceback (most recent call last):\n  File "/home2/yang.xu/tool/yocto-forall/components/layers/core/poky/bitbake/lib/bb/cookerdata.py", line 162, in wrapped\n    return func(fn, *args)\n  File "/home2/yang.xu/tool/yocto-forall/components/layers/core/poky/bitbake/lib/bb/cookerdata.py", line 179, in parse_config_file\n    return bb.parse.handle(fn, data, include, baseconfig=True)\n  File "/home2/yang.xu/tool/yocto-forall/components/layers/core/poky/bitbake/lib/bb/parse/__init__.py", line 119, in handle\n    return h[\'handle\'](fn, data, include, baseconfig)\n  File "/home2/yang.xu/tool/yocto-forall/components/layers/core/poky/bitbake/lib/bb/parse/parse_py/ConfHandler.py", line 119, in handle\n    abs_fn = resolve_file(fn, data)\n  File "/home2/yang.xu/tool/yocto-forall/components/layers/core/poky/bitbake/lib/bb/parse/__init__.py", line 139, in resolve_file\n    raise IOError(errno.ENOENT, "file %s not found in %s" % (fn, bbpath))\nFileNotFoundError: [Errno 2] file conf/bitbake.conf not found in /home2/yang.xu/tool/yocto-forall/build\n\nDuring handling of the above exception, another exception occurred:\n\nTraceback (most recent call last):\n  File "/home2/yang.xu/tool/yocto-forall/components/layers/core/poky/bitbake/lib/bb/command.py", line 90, in runCommand\n    result = command_method(self, commandline)\n  File "/home2/yang.xu/tool/yocto-forall/components/layers/core/poky/bitbake/lib/bb/command.py", line 290, in updateConfig\n    command.cooker.updateConfigOpts(options, environment, cmdline)\n  File "/home2/yang.xu/tool/yocto-forall/components/layers/core/poky/bitbake/lib/bb/cooker.py", line 463, in updateConfigOpts\n    self.reset()\n  File "/home2/yang.xu/tool/yocto-forall/components/layers/core/poky/bitbake/lib/bb/cooker.py", line 1736, in reset\n    self.initConfigurationData()\n  File "/home2/yang.xu/tool/yocto-forall/components/layers/core/poky/bitbake/lib/bb/cooker.py", line 283, in initConfigurationData\n    self.databuilder.parseBaseConfiguration()\n  File "/home2/yang.xu/tool/yocto-forall/components/layers/core/poky/bitbake/lib/bb/cookerdata.py", line 261, in parseBaseConfiguration\n    self.data = self.parseConfigurationFiles(self.prefiles, self.postfiles)\n  File "/home2/yang.xu/tool/yocto-forall/components/layers/core/poky/bitbake/lib/bb/cookerdata.py", line 471, in parseConfigurationFiles\n    data = parse_config_file(os.path.join("conf", "bitbake.conf"), data)\n  File "/home2/yang.xu/tool/yocto-forall/components/layers/core/poky/bitbake/lib/bb/cookerdata.py", line 174, in wrapped\n    raise bb.BBHandledException()\nbb.BBHandledException\n')
3701702 16:56:52.413722 Command Completed (socket: True)
3701702 16:56:52.663542 Processing Client
3701702 16:56:52.663614 Disconnecting Client (socket: True)
3701702 16:56:52.663689 No timeout, exiting.
3701702 16:56:52.763846 Exiting (socket: True)
3701702 16:56:52.764161 Exiting as we could obtain the lock
sys:1: ResourceWarning: unclosed file <_io.TextIOWrapper name='/home2/yang.xu/tool/yocto-forall/bitbake-cookerdaemon.log' mode='a+' encoding='UTF-8'>
